#! /c/Source/iverilog-install/bin/vvp
:ivl_version "12.0 (devel)" "(s20150603-1539-g2693dd32b)";
:ivl_delay_selection "TYPICAL";
:vpi_time_precision + 0;
:vpi_module "C:\iverilog\lib\ivl\system.vpi";
:vpi_module "C:\iverilog\lib\ivl\vhdl_sys.vpi";
:vpi_module "C:\iverilog\lib\ivl\vhdl_textio.vpi";
:vpi_module "C:\iverilog\lib\ivl\v2005_math.vpi";
:vpi_module "C:\iverilog\lib\ivl\va_math.vpi";
S_000001d5d2f83450 .scope module, "arbiter" "arbiter" 2 1;
 .timescale 0 0;
    .port_info 0 /INPUT 2 "density_N";
    .port_info 1 /INPUT 2 "density_E";
    .port_info 2 /OUTPUT 1 "grant_N";
    .port_info 3 /OUTPUT 1 "grant_E";
o000001d5d2fb6f98 .functor BUFZ 2, C4<zz>; HiZ drive
v000001d5d2f835e0_0 .net "density_E", 1 0, o000001d5d2fb6f98;  0 drivers
o000001d5d2fb6fc8 .functor BUFZ 2, C4<zz>; HiZ drive
v000001d5d2f83680_0 .net "density_N", 1 0, o000001d5d2fb6fc8;  0 drivers
v000001d5d2f83720_0 .var "grant_E", 0 0;
v000001d5d308e5c0_0 .var "grant_N", 0 0;
E_000001d5d2fb50c0 .event anyedge, v000001d5d2f83680_0, v000001d5d2f835e0_0;
    .scope S_000001d5d2f83450;
T_0 ;
    %wait E_000001d5d2fb50c0;
    %load/vec4 v000001d5d2f835e0_0;
    %load/vec4 v000001d5d2f83680_0;
    %cmp/u;
    %flag_or 5, 4;
    %jmp/0xz  T_0.0, 5;
    %pushi/vec4 1, 0, 1;
    %store/vec4 v000001d5d308e5c0_0, 0, 1;
    %pushi/vec4 0, 0, 1;
    %store/vec4 v000001d5d2f83720_0, 0, 1;
    %jmp T_0.1;
T_0.0 ;
    %pushi/vec4 0, 0, 1;
    %store/vec4 v000001d5d308e5c0_0, 0, 1;
    %pushi/vec4 1, 0, 1;
    %store/vec4 v000001d5d2f83720_0, 0, 1;
T_0.1 ;
    %jmp T_0;
    .thread T_0, $push;
# The file index is used to find the file name in the following table.
:file_names 3;
    "N/A";
    "<interactive>";
    "d:\smartFlow\rtl\arbiter.v";
