#! /c/Source/iverilog-install/bin/vvp
:ivl_version "12.0 (devel)" "(s20150603-1539-g2693dd32b)";
:ivl_delay_selection "TYPICAL";
:vpi_time_precision + 0;
:vpi_module "C:\iverilog\lib\ivl\system.vpi";
:vpi_module "C:\iverilog\lib\ivl\vhdl_sys.vpi";
:vpi_module "C:\iverilog\lib\ivl\vhdl_textio.vpi";
:vpi_module "C:\iverilog\lib\ivl\v2005_math.vpi";
:vpi_module "C:\iverilog\lib\ivl\va_math.vpi";
S_0000026df6453450 .scope module, "lane_fsm" "lane_fsm" 2 1;
 .timescale 0 0;
    .port_info 0 /INPUT 1 "clk";
    .port_info 1 /INPUT 1 "reset";
    .port_info 2 /INPUT 1 "grant";
    .port_info 3 /INPUT 2 "density";
    .port_info 4 /OUTPUT 1 "green";
    .port_info 5 /OUTPUT 1 "yellow";
    .port_info 6 /OUTPUT 1 "red";
P_0000026df64535e0 .param/l "GREEN" 1 2 10, +C4<00000000000000000000000000000001>;
P_0000026df6453618 .param/l "IDLE" 1 2 10, +C4<00000000000000000000000000000000>;
P_0000026df6453650 .param/l "RED" 1 2 10, +C4<00000000000000000000000000000011>;
P_0000026df6453688 .param/l "YELLOW" 1 2 10, +C4<00000000000000000000000000000010>;
o0000026df6488f88 .functor BUFZ 1, C4<z>; HiZ drive
v0000026df64539a0_0 .net "clk", 0 0, o0000026df6488f88;  0 drivers
o0000026df6488fb8 .functor BUFZ 2, C4<zz>; HiZ drive
v0000026df64536d0_0 .net "density", 1 0, o0000026df6488fb8;  0 drivers
o0000026df6488fe8 .functor BUFZ 1, C4<z>; HiZ drive
v0000026df6483cf0_0 .net "grant", 0 0, o0000026df6488fe8;  0 drivers
v0000026df6483d90_0 .var "green", 0 0;
v0000026df6483e30_0 .var "red", 0 0;
o0000026df6489078 .functor BUFZ 1, C4<z>; HiZ drive
v0000026df6483ed0_0 .net "reset", 0 0, o0000026df6489078;  0 drivers
v0000026df6483f70_0 .var "state", 1 0;
v0000026df6484010_0 .var "timer_val", 7 0;
v0000026df64840b0_0 .var "yellow", 0 0;
E_0000026df63c9cb0 .event posedge, v0000026df6483ed0_0, v0000026df64539a0_0;
    .scope S_0000026df6453450;
T_0 ;
    %wait E_0000026df63c9cb0;
    %load/vec4 v0000026df6483ed0_0;
    %flag_set/vec4 8;
    %jmp/0xz  T_0.0, 8;
    %pushi/vec4 3, 0, 2;
    %assign/vec4 v0000026df6483f70_0, 0;
    %pushi/vec4 0, 0, 1;
    %assign/vec4 v0000026df6483d90_0, 0;
    %pushi/vec4 0, 0, 1;
    %assign/vec4 v0000026df64840b0_0, 0;
    %pushi/vec4 1, 0, 1;
    %assign/vec4 v0000026df6483e30_0, 0;
    %pushi/vec4 10, 0, 8;
    %assign/vec4 v0000026df6484010_0, 0;
    %jmp T_0.1;
T_0.0 ;
    %load/vec4 v0000026df6483f70_0;
    %dup/vec4;
    %pushi/vec4 3, 0, 2;
    %cmp/u;
    %jmp/1 T_0.2, 6;
    %dup/vec4;
    %pushi/vec4 1, 0, 2;
    %cmp/u;
    %jmp/1 T_0.3, 6;
    %dup/vec4;
    %pushi/vec4 2, 0, 2;
    %cmp/u;
    %jmp/1 T_0.4, 6;
    %jmp T_0.5;
T_0.2 ;
    %load/vec4 v0000026df6483cf0_0;
    %flag_set/vec4 8;
    %jmp/0xz  T_0.6, 8;
    %pushi/vec4 1, 0, 2;
    %assign/vec4 v0000026df6483f70_0, 0;
    %pushi/vec4 10, 0, 8;
    %load/vec4 v0000026df64536d0_0;
    %pad/u 8;
    %muli 5, 0, 8;
    %add;
    %assign/vec4 v0000026df6484010_0, 0;
T_0.6 ;
    %jmp T_0.5;
T_0.3 ;
    %load/vec4 v0000026df6484010_0;
    %pad/u 32;
    %cmpi/e 0, 0, 32;
    %jmp/0xz  T_0.8, 4;
    %pushi/vec4 2, 0, 2;
    %assign/vec4 v0000026df6483f70_0, 0;
    %jmp T_0.9;
T_0.8 ;
    %load/vec4 v0000026df6484010_0;
    %subi 1, 0, 8;
    %assign/vec4 v0000026df6484010_0, 0;
T_0.9 ;
    %jmp T_0.5;
T_0.4 ;
    %load/vec4 v0000026df6484010_0;
    %pad/u 32;
    %cmpi/e 0, 0, 32;
    %jmp/0xz  T_0.10, 4;
    %pushi/vec4 3, 0, 2;
    %assign/vec4 v0000026df6483f70_0, 0;
    %jmp T_0.11;
T_0.10 ;
    %load/vec4 v0000026df6484010_0;
    %subi 1, 0, 8;
    %assign/vec4 v0000026df6484010_0, 0;
T_0.11 ;
    %jmp T_0.5;
T_0.5 ;
    %pop/vec4 1;
    %load/vec4 v0000026df6483f70_0;
    %pad/u 32;
    %pushi/vec4 1, 0, 32;
    %cmp/e;
    %flag_get/vec4 4;
    %assign/vec4 v0000026df6483d90_0, 0;
    %load/vec4 v0000026df6483f70_0;
    %pad/u 32;
    %pushi/vec4 2, 0, 32;
    %cmp/e;
    %flag_get/vec4 4;
    %assign/vec4 v0000026df64840b0_0, 0;
    %load/vec4 v0000026df6483f70_0;
    %pad/u 32;
    %pushi/vec4 3, 0, 32;
    %cmp/e;
    %flag_get/vec4 4;
    %assign/vec4 v0000026df6483e30_0, 0;
T_0.1 ;
    %jmp T_0;
    .thread T_0;
# The file index is used to find the file name in the following table.
:file_names 3;
    "N/A";
    "<interactive>";
    "d:\smartFlow\rtl\lane_fsm.v";
