#! /c/Source/iverilog-install/bin/vvp
:ivl_version "12.0 (devel)" "(s20150603-1539-g2693dd32b)";
:ivl_delay_selection "TYPICAL";
:vpi_time_precision - 9;
:vpi_module "C:\iverilog\lib\ivl\system.vpi";
:vpi_module "C:\iverilog\lib\ivl\vhdl_sys.vpi";
:vpi_module "C:\iverilog\lib\ivl\vhdl_textio.vpi";
:vpi_module "C:\iverilog\lib\ivl\v2005_math.vpi";
:vpi_module "C:\iverilog\lib\ivl\va_math.vpi";
S_0000024d945738c0 .scope module, "tb_top" "tb_top" 2 2;
 .timescale -9 -9;
v0000024d945cb580_0 .var "clk", 0 0;
v0000024d945cb620_0 .net "green_E", 0 0, v0000024d94533610_0;  1 drivers
v0000024d945cb6c0_0 .net "green_N", 0 0, v0000024d945cb800_0;  1 drivers
v0000024d945cea30_0 .net "red_E", 0 0, v0000024d945336b0_0;  1 drivers
v0000024d945cefd0_0 .net "red_N", 0 0, v0000024d945cb940_0;  1 drivers
v0000024d945cecb0_0 .var "reset", 0 0;
v0000024d945cf110_0 .var "sensor_E", 1 0;
v0000024d945ce5d0_0 .var "sensor_N", 1 0;
v0000024d945ce8f0_0 .net "yellow_E", 0 0, v0000024d945cb760_0;  1 drivers
v0000024d945cd630_0 .net "yellow_N", 0 0, v0000024d945caea0_0;  1 drivers
S_0000024d94570d90 .scope module, "uut" "top" 2 9, 3 1 0, S_0000024d945738c0;
 .timescale -9 -9;
    .port_info 0 /INPUT 1 "clk";
    .port_info 1 /INPUT 1 "reset";
    .port_info 2 /INPUT 2 "sensor_N";
    .port_info 3 /INPUT 2 "sensor_E";
    .port_info 4 /OUTPUT 1 "green_N";
    .port_info 5 /OUTPUT 1 "yellow_N";
    .port_info 6 /OUTPUT 1 "red_N";
    .port_info 7 /OUTPUT 1 "green_E";
    .port_info 8 /OUTPUT 1 "yellow_E";
    .port_info 9 /OUTPUT 1 "red_E";
v0000024d945cb9e0_0 .net "clk", 0 0, v0000024d945cb580_0;  1 drivers
v0000024d945cad60_0 .net "grant_E", 0 0, v0000024d94573be0_0;  1 drivers
v0000024d945cb080_0 .net "grant_N", 0 0, v0000024d94573c80_0;  1 drivers
v0000024d945cb440_0 .net "green_E", 0 0, v0000024d94533610_0;  alias, 1 drivers
v0000024d945cae00_0 .net "green_N", 0 0, v0000024d945cb800_0;  alias, 1 drivers
v0000024d945cb4e0_0 .net "red_E", 0 0, v0000024d945336b0_0;  alias, 1 drivers
v0000024d945cb260_0 .net "red_N", 0 0, v0000024d945cb940_0;  alias, 1 drivers
v0000024d945cb1c0_0 .net "reset", 0 0, v0000024d945cecb0_0;  1 drivers
v0000024d945cb300_0 .net "sensor_E", 1 0, v0000024d945cf110_0;  1 drivers
v0000024d945cb3a0_0 .net "sensor_N", 1 0, v0000024d945ce5d0_0;  1 drivers
v0000024d945caae0_0 .net "yellow_E", 0 0, v0000024d945cb760_0;  alias, 1 drivers
v0000024d945cab80_0 .net "yellow_N", 0 0, v0000024d945caea0_0;  alias, 1 drivers
S_0000024d94570f20 .scope module, "arb" "arbiter" 3 11, 4 1 0, S_0000024d94570d90;
 .timescale -9 -9;
    .port_info 0 /INPUT 2 "density_N";
    .port_info 1 /INPUT 2 "density_E";
    .port_info 2 /OUTPUT 1 "grant_N";
    .port_info 3 /OUTPUT 1 "grant_E";
v0000024d945710b0_0 .net "density_E", 1 0, v0000024d945cf110_0;  alias, 1 drivers
v0000024d94571150_0 .net "density_N", 1 0, v0000024d945ce5d0_0;  alias, 1 drivers
v0000024d94573be0_0 .var "grant_E", 0 0;
v0000024d94573c80_0 .var "grant_N", 0 0;
E_0000024d9455fde0 .event anyedge, v0000024d94571150_0, v0000024d945710b0_0;
S_0000024d94564650 .scope module, "laneE" "lane_fsm" 3 13, 5 1 0, S_0000024d94570d90;
 .timescale -9 -9;
    .port_info 0 /INPUT 1 "clk";
    .port_info 1 /INPUT 1 "reset";
    .port_info 2 /INPUT 1 "grant";
    .port_info 3 /INPUT 2 "density";
    .port_info 4 /OUTPUT 1 "green";
    .port_info 5 /OUTPUT 1 "yellow";
    .port_info 6 /OUTPUT 1 "red";
P_0000024d94533340 .param/l "GREEN" 1 5 10, +C4<00000000000000000000000000000001>;
P_0000024d94533378 .param/l "IDLE" 1 5 10, +C4<00000000000000000000000000000000>;
P_0000024d945333b0 .param/l "RED" 1 5 10, +C4<00000000000000000000000000000011>;
P_0000024d945333e8 .param/l "YELLOW" 1 5 10, +C4<00000000000000000000000000000010>;
v0000024d94533430_0 .net "clk", 0 0, v0000024d945cb580_0;  alias, 1 drivers
v0000024d945334d0_0 .net "density", 1 0, v0000024d945cf110_0;  alias, 1 drivers
v0000024d94533570_0 .net "grant", 0 0, v0000024d94573be0_0;  alias, 1 drivers
v0000024d94533610_0 .var "green", 0 0;
v0000024d945336b0_0 .var "red", 0 0;
v0000024d945ca8b0_0 .net "reset", 0 0, v0000024d945cecb0_0;  alias, 1 drivers
v0000024d945ca950_0 .var "state", 1 0;
v0000024d945ca9f0_0 .var "timer_val", 7 0;
v0000024d945cb760_0 .var "yellow", 0 0;
E_0000024d94560060 .event posedge, v0000024d945ca8b0_0, v0000024d94533430_0;
S_0000024d945cbaa0 .scope module, "laneN" "lane_fsm" 3 12, 5 1 0, S_0000024d94570d90;
 .timescale -9 -9;
    .port_info 0 /INPUT 1 "clk";
    .port_info 1 /INPUT 1 "reset";
    .port_info 2 /INPUT 1 "grant";
    .port_info 3 /INPUT 2 "density";
    .port_info 4 /OUTPUT 1 "green";
    .port_info 5 /OUTPUT 1 "yellow";
    .port_info 6 /OUTPUT 1 "red";
P_0000024d945cbc30 .param/l "GREEN" 1 5 10, +C4<00000000000000000000000000000001>;
P_0000024d945cbc68 .param/l "IDLE" 1 5 10, +C4<00000000000000000000000000000000>;
P_0000024d945cbca0 .param/l "RED" 1 5 10, +C4<00000000000000000000000000000011>;
P_0000024d945cbcd8 .param/l "YELLOW" 1 5 10, +C4<00000000000000000000000000000010>;
v0000024d945cb120_0 .net "clk", 0 0, v0000024d945cb580_0;  alias, 1 drivers
v0000024d945cb8a0_0 .net "density", 1 0, v0000024d945ce5d0_0;  alias, 1 drivers
v0000024d945cac20_0 .net "grant", 0 0, v0000024d94573c80_0;  alias, 1 drivers
v0000024d945cb800_0 .var "green", 0 0;
v0000024d945cb940_0 .var "red", 0 0;
v0000024d945caf40_0 .net "reset", 0 0, v0000024d945cecb0_0;  alias, 1 drivers
v0000024d945cafe0_0 .var "state", 1 0;
v0000024d945cacc0_0 .var "timer_val", 7 0;
v0000024d945caea0_0 .var "yellow", 0 0;
S_0000024d94573a50 .scope module, "timer" "timer" 6 1;
 .timescale -9 -9;
    .port_info 0 /INPUT 1 "clk";
    .port_info 1 /INPUT 1 "reset";
    .port_info 2 /INPUT 1 "start";
    .port_info 3 /INPUT 8 "load_val";
    .port_info 4 /OUTPUT 1 "done";
P_0000024d9455fda0 .param/l "WIDTH" 0 6 1, +C4<00000000000000000000000000001000>;
o0000024d945797e8 .functor BUFZ 1, C4<z>; HiZ drive
v0000024d945cf390_0 .net "clk", 0 0, o0000024d945797e8;  0 drivers
v0000024d945ce710_0 .var "count", 7 0;
v0000024d945cda90_0 .var "done", 0 0;
o0000024d94579878 .functor BUFZ 8, C4<zzzzzzzz>; HiZ drive
v0000024d945cf1b0_0 .net "load_val", 7 0, o0000024d94579878;  0 drivers
o0000024d945798a8 .functor BUFZ 1, C4<z>; HiZ drive
v0000024d945cd590_0 .net "reset", 0 0, o0000024d945798a8;  0 drivers
o0000024d945798d8 .functor BUFZ 1, C4<z>; HiZ drive
v0000024d945ce850_0 .net "start", 0 0, o0000024d945798d8;  0 drivers
E_0000024d9455fbe0 .event posedge, v0000024d945cd590_0, v0000024d945cf390_0;
    .scope S_0000024d94570f20;
T_0 ;
    %wait E_0000024d9455fde0;
    %load/vec4 v0000024d945710b0_0;
    %load/vec4 v0000024d94571150_0;
    %cmp/u;
    %flag_or 5, 4;
    %jmp/0xz  T_0.0, 5;
    %pushi/vec4 1, 0, 1;
    %store/vec4 v0000024d94573c80_0, 0, 1;
    %pushi/vec4 0, 0, 1;
    %store/vec4 v0000024d94573be0_0, 0, 1;
    %jmp T_0.1;
T_0.0 ;
    %pushi/vec4 0, 0, 1;
    %store/vec4 v0000024d94573c80_0, 0, 1;
    %pushi/vec4 1, 0, 1;
    %store/vec4 v0000024d94573be0_0, 0, 1;
T_0.1 ;
    %jmp T_0;
    .thread T_0, $push;
    .scope S_0000024d945cbaa0;
T_1 ;
    %wait E_0000024d94560060;
    %load/vec4 v0000024d945caf40_0;
    %flag_set/vec4 8;
    %jmp/0xz  T_1.0, 8;
    %pushi/vec4 3, 0, 2;
    %assign/vec4 v0000024d945cafe0_0, 0;
    %pushi/vec4 0, 0, 1;
    %assign/vec4 v0000024d945cb800_0, 0;
    %pushi/vec4 0, 0, 1;
    %assign/vec4 v0000024d945caea0_0, 0;
    %pushi/vec4 1, 0, 1;
    %assign/vec4 v0000024d945cb940_0, 0;
    %pushi/vec4 10, 0, 8;
    %assign/vec4 v0000024d945cacc0_0, 0;
    %jmp T_1.1;
T_1.0 ;
    %load/vec4 v0000024d945cafe0_0;
    %dup/vec4;
    %pushi/vec4 3, 0, 2;
    %cmp/u;
    %jmp/1 T_1.2, 6;
    %dup/vec4;
    %pushi/vec4 1, 0, 2;
    %cmp/u;
    %jmp/1 T_1.3, 6;
    %dup/vec4;
    %pushi/vec4 2, 0, 2;
    %cmp/u;
    %jmp/1 T_1.4, 6;
    %jmp T_1.5;
T_1.2 ;
    %load/vec4 v0000024d945cac20_0;
    %flag_set/vec4 8;
    %jmp/0xz  T_1.6, 8;
    %pushi/vec4 1, 0, 2;
    %assign/vec4 v0000024d945cafe0_0, 0;
    %pushi/vec4 10, 0, 8;
    %load/vec4 v0000024d945cb8a0_0;
    %pad/u 8;
    %muli 5, 0, 8;
    %add;
    %assign/vec4 v0000024d945cacc0_0, 0;
T_1.6 ;
    %jmp T_1.5;
T_1.3 ;
    %load/vec4 v0000024d945cacc0_0;
    %pad/u 32;
    %cmpi/e 0, 0, 32;
    %jmp/0xz  T_1.8, 4;
    %pushi/vec4 2, 0, 2;
    %assign/vec4 v0000024d945cafe0_0, 0;
    %jmp T_1.9;
T_1.8 ;
    %load/vec4 v0000024d945cacc0_0;
    %subi 1, 0, 8;
    %assign/vec4 v0000024d945cacc0_0, 0;
T_1.9 ;
    %jmp T_1.5;
T_1.4 ;
    %load/vec4 v0000024d945cacc0_0;
    %pad/u 32;
    %cmpi/e 0, 0, 32;
    %jmp/0xz  T_1.10, 4;
    %pushi/vec4 3, 0, 2;
    %assign/vec4 v0000024d945cafe0_0, 0;
    %jmp T_1.11;
T_1.10 ;
    %load/vec4 v0000024d945cacc0_0;
    %subi 1, 0, 8;
    %assign/vec4 v0000024d945cacc0_0, 0;
T_1.11 ;
    %jmp T_1.5;
T_1.5 ;
    %pop/vec4 1;
    %load/vec4 v0000024d945cafe0_0;
    %pad/u 32;
    %pushi/vec4 1, 0, 32;
    %cmp/e;
    %flag_get/vec4 4;
    %assign/vec4 v0000024d945cb800_0, 0;
    %load/vec4 v0000024d945cafe0_0;
    %pad/u 32;
    %pushi/vec4 2, 0, 32;
    %cmp/e;
    %flag_get/vec4 4;
    %assign/vec4 v0000024d945caea0_0, 0;
    %load/vec4 v0000024d945cafe0_0;
    %pad/u 32;
    %pushi/vec4 3, 0, 32;
    %cmp/e;
    %flag_get/vec4 4;
    %assign/vec4 v0000024d945cb940_0, 0;
T_1.1 ;
    %jmp T_1;
    .thread T_1;
    .scope S_0000024d94564650;
T_2 ;
    %wait E_0000024d94560060;
    %load/vec4 v0000024d945ca8b0_0;
    %flag_set/vec4 8;
    %jmp/0xz  T_2.0, 8;
    %pushi/vec4 3, 0, 2;
    %assign/vec4 v0000024d945ca950_0, 0;
    %pushi/vec4 0, 0, 1;
    %assign/vec4 v0000024d94533610_0, 0;
    %pushi/vec4 0, 0, 1;
    %assign/vec4 v0000024d945cb760_0, 0;
    %pushi/vec4 1, 0, 1;
    %assign/vec4 v0000024d945336b0_0, 0;
    %pushi/vec4 10, 0, 8;
    %assign/vec4 v0000024d945ca9f0_0, 0;
    %jmp T_2.1;
T_2.0 ;
    %load/vec4 v0000024d945ca950_0;
    %dup/vec4;
    %pushi/vec4 3, 0, 2;
    %cmp/u;
    %jmp/1 T_2.2, 6;
    %dup/vec4;
    %pushi/vec4 1, 0, 2;
    %cmp/u;
    %jmp/1 T_2.3, 6;
    %dup/vec4;
    %pushi/vec4 2, 0, 2;
    %cmp/u;
    %jmp/1 T_2.4, 6;
    %jmp T_2.5;
T_2.2 ;
    %load/vec4 v0000024d94533570_0;
    %flag_set/vec4 8;
    %jmp/0xz  T_2.6, 8;
    %pushi/vec4 1, 0, 2;
    %assign/vec4 v0000024d945ca950_0, 0;
    %pushi/vec4 10, 0, 8;
    %load/vec4 v0000024d945334d0_0;
    %pad/u 8;
    %muli 5, 0, 8;
    %add;
    %assign/vec4 v0000024d945ca9f0_0, 0;
T_2.6 ;
    %jmp T_2.5;
T_2.3 ;
    %load/vec4 v0000024d945ca9f0_0;
    %pad/u 32;
    %cmpi/e 0, 0, 32;
    %jmp/0xz  T_2.8, 4;
    %pushi/vec4 2, 0, 2;
    %assign/vec4 v0000024d945ca950_0, 0;
    %jmp T_2.9;
T_2.8 ;
    %load/vec4 v0000024d945ca9f0_0;
    %subi 1, 0, 8;
    %assign/vec4 v0000024d945ca9f0_0, 0;
T_2.9 ;
    %jmp T_2.5;
T_2.4 ;
    %load/vec4 v0000024d945ca9f0_0;
    %pad/u 32;
    %cmpi/e 0, 0, 32;
    %jmp/0xz  T_2.10, 4;
    %pushi/vec4 3, 0, 2;
    %assign/vec4 v0000024d945ca950_0, 0;
    %jmp T_2.11;
T_2.10 ;
    %load/vec4 v0000024d945ca9f0_0;
    %subi 1, 0, 8;
    %assign/vec4 v0000024d945ca9f0_0, 0;
T_2.11 ;
    %jmp T_2.5;
T_2.5 ;
    %pop/vec4 1;
    %load/vec4 v0000024d945ca950_0;
    %pad/u 32;
    %pushi/vec4 1, 0, 32;
    %cmp/e;
    %flag_get/vec4 4;
    %assign/vec4 v0000024d94533610_0, 0;
    %load/vec4 v0000024d945ca950_0;
    %pad/u 32;
    %pushi/vec4 2, 0, 32;
    %cmp/e;
    %flag_get/vec4 4;
    %assign/vec4 v0000024d945cb760_0, 0;
    %load/vec4 v0000024d945ca950_0;
    %pad/u 32;
    %pushi/vec4 3, 0, 32;
    %cmp/e;
    %flag_get/vec4 4;
    %assign/vec4 v0000024d945336b0_0, 0;
T_2.1 ;
    %jmp T_2;
    .thread T_2;
    .scope S_0000024d945738c0;
T_3 ;
    %pushi/vec4 0, 0, 1;
    %store/vec4 v0000024d945cb580_0, 0, 1;
    %end;
    .thread T_3;
    .scope S_0000024d945738c0;
T_4 ;
    %delay 5, 0;
    %load/vec4 v0000024d945cb580_0;
    %inv;
    %store/vec4 v0000024d945cb580_0, 0, 1;
    %jmp T_4;
    .thread T_4;
    .scope S_0000024d945738c0;
T_5 ;
    %pushi/vec4 1, 0, 1;
    %store/vec4 v0000024d945cecb0_0, 0, 1;
    %pushi/vec4 0, 0, 2;
    %store/vec4 v0000024d945ce5d0_0, 0, 2;
    %pushi/vec4 0, 0, 2;
    %store/vec4 v0000024d945cf110_0, 0, 2;
    %delay 10, 0;
    %pushi/vec4 0, 0, 1;
    %store/vec4 v0000024d945cecb0_0, 0, 1;
    %pushi/vec4 3, 0, 2;
    %store/vec4 v0000024d945ce5d0_0, 0, 2;
    %pushi/vec4 1, 0, 2;
    %store/vec4 v0000024d945cf110_0, 0, 2;
    %delay 200, 0;
    %pushi/vec4 1, 0, 2;
    %store/vec4 v0000024d945ce5d0_0, 0, 2;
    %pushi/vec4 3, 0, 2;
    %store/vec4 v0000024d945cf110_0, 0, 2;
    %delay 200, 0;
    %vpi_call 2 26 "$finish" {0 0 0};
    %end;
    .thread T_5;
    .scope S_0000024d94573a50;
T_6 ;
    %wait E_0000024d9455fbe0;
    %load/vec4 v0000024d945cd590_0;
    %flag_set/vec4 8;
    %jmp/0xz  T_6.0, 8;
    %pushi/vec4 0, 0, 8;
    %assign/vec4 v0000024d945ce710_0, 0;
    %pushi/vec4 0, 0, 1;
    %assign/vec4 v0000024d945cda90_0, 0;
    %jmp T_6.1;
T_6.0 ;
    %load/vec4 v0000024d945ce850_0;
    %flag_set/vec4 8;
    %jmp/0xz  T_6.2, 8;
    %load/vec4 v0000024d945cf1b0_0;
    %assign/vec4 v0000024d945ce710_0, 0;
    %pushi/vec4 0, 0, 1;
    %assign/vec4 v0000024d945cda90_0, 0;
    %jmp T_6.3;
T_6.2 ;
    %load/vec4 v0000024d945ce710_0;
    %pad/u 32;
    %cmpi/ne 0, 0, 32;
    %jmp/0xz  T_6.4, 4;
    %load/vec4 v0000024d945ce710_0;
    %subi 1, 0, 8;
    %assign/vec4 v0000024d945ce710_0, 0;
    %pushi/vec4 0, 0, 1;
    %assign/vec4 v0000024d945cda90_0, 0;
    %jmp T_6.5;
T_6.4 ;
    %pushi/vec4 1, 0, 1;
    %assign/vec4 v0000024d945cda90_0, 0;
T_6.5 ;
T_6.3 ;
T_6.1 ;
    %jmp T_6;
    .thread T_6;
# The file index is used to find the file name in the following table.
:file_names 7;
    "N/A";
    "<interactive>";
    "./tb/tb_top.v";
    "./rtl/top.v";
    "./rtl/arbiter.v";
    "./rtl/lane_fsm.v";
    "./rtl/timer.v";
