#! /c/Source/iverilog-install/bin/vvp
:ivl_version "12.0 (devel)" "(s20150603-1539-g2693dd32b)";
:ivl_delay_selection "TYPICAL";
:vpi_time_precision + 0;
:vpi_module "C:\iverilog\lib\ivl\system.vpi";
:vpi_module "C:\iverilog\lib\ivl\vhdl_sys.vpi";
:vpi_module "C:\iverilog\lib\ivl\vhdl_textio.vpi";
:vpi_module "C:\iverilog\lib\ivl\v2005_math.vpi";
:vpi_module "C:\iverilog\lib\ivl\va_math.vpi";
S_000002150eed3450 .scope module, "timer" "timer" 2 1;
 .timescale 0 0;
    .port_info 0 /INPUT 1 "clk";
    .port_info 1 /INPUT 1 "reset";
    .port_info 2 /INPUT 1 "start";
    .port_info 3 /INPUT 8 "load_val";
    .port_info 4 /OUTPUT 1 "done";
P_000002150ee4c570 .param/l "WIDTH" 0 2 1, +C4<00000000000000000000000000001000>;
o000002150ef06fd8 .functor BUFZ 1, C4<z>; HiZ drive
v000002150eed3af0_0 .net "clk", 0 0, o000002150ef06fd8;  0 drivers
v000002150eed35e0_0 .var "count", 7 0;
v000002150eed3680_0 .var "done", 0 0;
o000002150ef07068 .functor BUFZ 8, C4<zzzzzzzz>; HiZ drive
v000002150eed3720_0 .net "load_val", 7 0, o000002150ef07068;  0 drivers
o000002150ef07098 .functor BUFZ 1, C4<z>; HiZ drive
v000002150ee4bcc0_0 .net "reset", 0 0, o000002150ef07098;  0 drivers
o000002150ef070c8 .functor BUFZ 1, C4<z>; HiZ drive
v000002150ee4bd60_0 .net "start", 0 0, o000002150ef070c8;  0 drivers
E_000002150ee4cd30 .event posedge, v000002150ee4bcc0_0, v000002150eed3af0_0;
    .scope S_000002150eed3450;
T_0 ;
    %wait E_000002150ee4cd30;
    %load/vec4 v000002150ee4bcc0_0;
    %flag_set/vec4 8;
    %jmp/0xz  T_0.0, 8;
    %pushi/vec4 0, 0, 8;
    %assign/vec4 v000002150eed35e0_0, 0;
    %pushi/vec4 0, 0, 1;
    %assign/vec4 v000002150eed3680_0, 0;
    %jmp T_0.1;
T_0.0 ;
    %load/vec4 v000002150ee4bd60_0;
    %flag_set/vec4 8;
    %jmp/0xz  T_0.2, 8;
    %load/vec4 v000002150eed3720_0;
    %assign/vec4 v000002150eed35e0_0, 0;
    %pushi/vec4 0, 0, 1;
    %assign/vec4 v000002150eed3680_0, 0;
    %jmp T_0.3;
T_0.2 ;
    %load/vec4 v000002150eed35e0_0;
    %pad/u 32;
    %cmpi/ne 0, 0, 32;
    %jmp/0xz  T_0.4, 4;
    %load/vec4 v000002150eed35e0_0;
    %subi 1, 0, 8;
    %assign/vec4 v000002150eed35e0_0, 0;
    %pushi/vec4 0, 0, 1;
    %assign/vec4 v000002150eed3680_0, 0;
    %jmp T_0.5;
T_0.4 ;
    %pushi/vec4 1, 0, 1;
    %assign/vec4 v000002150eed3680_0, 0;
T_0.5 ;
T_0.3 ;
T_0.1 ;
    %jmp T_0;
    .thread T_0;
# The file index is used to find the file name in the following table.
:file_names 3;
    "N/A";
    "<interactive>";
    "d:\smartFlow\rtl\timer.v";
